<?xml version="1.0" encoding="UTF-8"?>
<!-- Generated by org.testng.reporters.JUnitReportReporter -->
<testsuite hostname="LAPTOP-BNEF5TES" failures="0" tests="1" name="testScripts.TestCase5" time="17.846" errors="0" timestamp="2022-11-30T22:47:39 IST" skipped="0">
  <testcase classname="testScripts.TestCase5" name="tc5" time="17.846"/>
  <system-out>
    <![CDATA[Deletion of employee profile was Successfull]]>
  </system-out>
</testsuite> <!-- testScripts.TestCase5 -->
