<?xml version="1.0" encoding="UTF-8"?>
<!-- Generated by org.testng.reporters.JUnitReportReporter -->
<testsuite hostname="LAPTOP-BNEF5TES" failures="0" tests="1" name="testScripts.TestCase1" time="90.713" errors="0" timestamp="2022-12-10T14:09:29 IST" skipped="0">
  <testcase classname="testScripts.TestCase1" name="tc1" time="90.713"/>
  <system-out>
    <![CDATA[New Employee created Successfully]]>
  </system-out>
</testsuite> <!-- testScripts.TestCase1 -->
