<?xml version="1.0" encoding="UTF-8"?>
<!-- Generated by org.testng.reporters.JUnitReportReporter -->
<testsuite hostname="LAPTOP-BNEF5TES" failures="0" tests="1" name="testScripts.TestCase2" time="44.561" errors="0" timestamp="2022-12-10T14:09:29 IST" skipped="0">
  <testcase classname="testScripts.TestCase2" name="tc2" time="44.561"/>
  <system-out>
    <![CDATA[Contact Details Added to Employee Profile Successfully]]>
  </system-out>
</testsuite> <!-- testScripts.TestCase2 -->
