<?xml version="1.0" encoding="UTF-8"?>
<!-- Generated by org.testng.reporters.JUnitReportReporter -->
<testsuite hostname="LAPTOP-BNEF5TES" failures="0" tests="1" name="testScripts.TestCase3" time="32.696" errors="0" timestamp="2022-11-30T22:47:39 IST" skipped="0">
  <testcase classname="testScripts.TestCase3" name="tc3" time="32.696"/>
  <system-out>
    <![CDATA[Job Details Added to Employee Profile Successfully]]>
  </system-out>
</testsuite> <!-- testScripts.TestCase3 -->
