<?xml version="1.0" encoding="UTF-8"?>
<!-- Generated by org.testng.reporters.JUnitReportReporter -->
<testsuite hostname="LAPTOP-BNEF5TES" failures="0" tests="1" name="testScripts.TestCase4" time="32.091" errors="0" timestamp="2022-11-30T22:47:39 IST" skipped="0">
  <testcase classname="testScripts.TestCase4" name="tc4" time="32.091"/>
  <system-out>
    <![CDATA[Assigning Supervisor and Subordinate to new employee was Successfull]]>
  </system-out>
</testsuite> <!-- testScripts.TestCase4 -->
