<?xml version="1.0" encoding="UTF-8"?>
<!-- Generated by org.testng.reporters.JUnitReportReporter -->
<testsuite hostname="LAPTOP-BNEF5TES" failures="0" tests="1" name="testScripts.TestCase5" time="14.625" errors="0" timestamp="2022-12-10T14:09:29 IST" skipped="0">
  <testcase classname="testScripts.TestCase5" name="tc5" time="14.625"/>
  <system-out>
    <![CDATA[Deletion of employee profile was Successfull]]>
  </system-out>
</testsuite> <!-- testScripts.TestCase5 -->
